<?xml version="1.0" encoding="UTF-8" ?>
<testsuite tests="53" failures="0" name="com.schibsted.spt.data.jslt.QueryErrorTest" time="0.022" errors="0" skipped="0">
  <properties>
    <property name="java.runtime.name" value="Java(TM) SE Runtime Environment"/>
    <property name="sun.boot.library.path" value="C:\Program Files\Java\jdk1.8.0_231\jre\bin"/>
    <property name="java.vm.version" value="25.231-b11"/>
    <property name="java.vm.vendor" value="Oracle Corporation"/>
    <property name="maven.multiModuleProjectDirectory" value="C:\Users\mtan\workspace\jslt"/>
    <property name="java.vendor.url" value="http://java.oracle.com/"/>
    <property name="path.separator" value=";"/>
    <property name="guice.disable.misplaced.annotation.check" value="true"/>
    <property name="java.vm.name" value="Java HotSpot(TM) 64-Bit Server VM"/>
    <property name="file.encoding.pkg" value="sun.io"/>
    <property name="user.script" value=""/>
    <property name="user.country" value="US"/>
    <property name="sun.java.launcher" value="SUN_STANDARD"/>
    <property name="sun.os.patch.level" value=""/>
    <property name="java.vm.specification.name" value="Java Virtual Machine Specification"/>
    <property name="user.dir" value="C:\Users\mtan\workspace\jslt"/>
    <property name="java.runtime.version" value="1.8.0_231-b11"/>
    <property name="java.awt.graphicsenv" value="sun.awt.Win32GraphicsEnvironment"/>
    <property name="java.endorsed.dirs" value="C:\Program Files\Java\jdk1.8.0_231\jre\lib\endorsed"/>
    <property name="os.arch" value="amd64"/>
    <property name="java.io.tmpdir" value="C:\Users\mtan\AppData\Local\Temp\"/>
    <property name="line.separator" value="
"/>
    <property name="java.vm.specification.vendor" value="Oracle Corporation"/>
    <property name="user.variant" value=""/>
    <property name="os.name" value="Windows 10"/>
    <property name="classworlds.conf" value="C:\tools\apache-maven-3.6.2\bin\..\bin\m2.conf"/>
    <property name="sun.jnu.encoding" value="Cp1252"/>
    <property name="java.library.path" value="C:\Program Files\Java\jdk1.8.0_231\jre\bin;C:\WINDOWS\Sun\Java\bin;C:\WINDOWS\system32;C:\WINDOWS;C:\Program Files (x86)\RSA SecurID Token Common;C:\Program Files\RSA SecurID Token Common;C:\Program Files\Java\jdk1.8.0_231\jre\bin;C:\Program Files\Java\jdk1.8.0_231\bin;C:\Program Files (x86)\Common Files\Oracle\Java\javapath;C:\WINDOWS\system32;C:\WINDOWS;C:\WINDOWS\System32\Wbem;C:\WINDOWS\System32\WindowsPowerShell\v1.0\;C:\WINDOWS\System32\OpenSSH\;C:\tools\apache-maven-3.6.2\bin;C:\tools\GNUUnix\wbin;C:\Program Files\nodejs\;C:\Users\mtan\AppData\Local\Taurus\bin;C:\tools\gradle\gradle-6.0.1\bin;C:\Users\mtan\AppData\Local\Microsoft\WindowsApps;C:\Users\mtan\AppData\Local\Programs\Microsoft VS Code\bin;C:\Users\mtan\AppData\Local\Programs\Git\cmd;C:\Users\mtan\AppData\Roaming\npm;."/>
    <property name="maven.conf" value="C:\tools\apache-maven-3.6.2\bin\../conf"/>
    <property name="java.specification.name" value="Java Platform API Specification"/>
    <property name="java.class.version" value="52.0"/>
    <property name="sun.management.compiler" value="HotSpot 64-Bit Tiered Compilers"/>
    <property name="os.version" value="10.0"/>
    <property name="library.jansi.path" value="C:\tools\apache-maven-3.6.2\bin\..\lib\jansi-native"/>
    <property name="user.home" value="C:\Users\mtan"/>
    <property name="user.timezone" value="America/New_York"/>
    <property name="java.awt.printerjob" value="sun.awt.windows.WPrinterJob"/>
    <property name="java.specification.version" value="1.8"/>
    <property name="file.encoding" value="Cp1252"/>
    <property name="user.name" value="mtan"/>
    <property name="java.class.path" value="C:\tools\apache-maven-3.6.2\bin\..\boot\plexus-classworlds-2.6.0.jar"/>
    <property name="java.vm.specification.version" value="1.8"/>
    <property name="sun.arch.data.model" value="64"/>
    <property name="java.home" value="C:\Program Files\Java\jdk1.8.0_231\jre"/>
    <property name="sun.java.command" value="org.codehaus.plexus.classworlds.launcher.Launcher clean install"/>
    <property name="java.specification.vendor" value="Oracle Corporation"/>
    <property name="user.language" value="en"/>
    <property name="awt.toolkit" value="sun.awt.windows.WToolkit"/>
    <property name="java.vm.info" value="mixed mode"/>
    <property name="java.version" value="1.8.0_231"/>
    <property name="java.ext.dirs" value="C:\Program Files\Java\jdk1.8.0_231\jre\lib\ext;C:\WINDOWS\Sun\Java\lib\ext"/>
    <property name="sun.boot.class.path" value="C:\Program Files\Java\jdk1.8.0_231\jre\lib\resources.jar;C:\Program Files\Java\jdk1.8.0_231\jre\lib\rt.jar;C:\Program Files\Java\jdk1.8.0_231\jre\lib\sunrsasign.jar;C:\Program Files\Java\jdk1.8.0_231\jre\lib\jsse.jar;C:\Program Files\Java\jdk1.8.0_231\jre\lib\jce.jar;C:\Program Files\Java\jdk1.8.0_231\jre\lib\charsets.jar;C:\Program Files\Java\jdk1.8.0_231\jre\lib\jfr.jar;C:\Program Files\Java\jdk1.8.0_231\jre\classes"/>
    <property name="sun.stderr.encoding" value="cp437"/>
    <property name="java.vendor" value="Oracle Corporation"/>
    <property name="maven.home" value="C:\tools\apache-maven-3.6.2\bin\.."/>
    <property name="file.separator" value="\"/>
    <property name="java.vendor.url.bug" value="http://bugreport.sun.com/bugreport/"/>
    <property name="sun.cpu.endian" value="little"/>
    <property name="sun.io.unicode.encoding" value="UnicodeLittle"/>
    <property name="sun.stdout.encoding" value="cp437"/>
    <property name="sun.desktop" value="windows"/>
    <property name="sun.cpu.isalist" value="amd64"/>
  </properties>
  <testcase classname="com.schibsted.spt.data.jslt.QueryErrorTest" name="check[0]" time="0"/>
  <testcase classname="com.schibsted.spt.data.jslt.QueryErrorTest" name="check[1]" time="0.001"/>
  <testcase classname="com.schibsted.spt.data.jslt.QueryErrorTest" name="check[2]" time="0"/>
  <testcase classname="com.schibsted.spt.data.jslt.QueryErrorTest" name="check[3]" time="0.002"/>
  <testcase classname="com.schibsted.spt.data.jslt.QueryErrorTest" name="check[4]" time="0.001"/>
  <testcase classname="com.schibsted.spt.data.jslt.QueryErrorTest" name="check[5]" time="0"/>
  <testcase classname="com.schibsted.spt.data.jslt.QueryErrorTest" name="check[6]" time="0"/>
  <testcase classname="com.schibsted.spt.data.jslt.QueryErrorTest" name="check[7]" time="0"/>
  <testcase classname="com.schibsted.spt.data.jslt.QueryErrorTest" name="check[8]" time="0"/>
  <testcase classname="com.schibsted.spt.data.jslt.QueryErrorTest" name="check[9]" time="0.001"/>
  <testcase classname="com.schibsted.spt.data.jslt.QueryErrorTest" name="check[10]" time="0.001"/>
  <testcase classname="com.schibsted.spt.data.jslt.QueryErrorTest" name="check[11]" time="0"/>
  <testcase classname="com.schibsted.spt.data.jslt.QueryErrorTest" name="check[12]" time="0"/>
  <testcase classname="com.schibsted.spt.data.jslt.QueryErrorTest" name="check[13]" time="0.002"/>
  <testcase classname="com.schibsted.spt.data.jslt.QueryErrorTest" name="check[14]" time="0"/>
  <testcase classname="com.schibsted.spt.data.jslt.QueryErrorTest" name="check[15]" time="0.001"/>
  <testcase classname="com.schibsted.spt.data.jslt.QueryErrorTest" name="check[16]" time="0"/>
  <testcase classname="com.schibsted.spt.data.jslt.QueryErrorTest" name="check[17]" time="0.001"/>
  <testcase classname="com.schibsted.spt.data.jslt.QueryErrorTest" name="check[18]" time="0.001"/>
  <testcase classname="com.schibsted.spt.data.jslt.QueryErrorTest" name="check[19]" time="0"/>
  <testcase classname="com.schibsted.spt.data.jslt.QueryErrorTest" name="check[20]" time="0"/>
  <testcase classname="com.schibsted.spt.data.jslt.QueryErrorTest" name="check[21]" time="0.001"/>
  <testcase classname="com.schibsted.spt.data.jslt.QueryErrorTest" name="check[22]" time="0"/>
  <testcase classname="com.schibsted.spt.data.jslt.QueryErrorTest" name="check[23]" time="0.001"/>
  <testcase classname="com.schibsted.spt.data.jslt.QueryErrorTest" name="check[24]" time="0"/>
  <testcase classname="com.schibsted.spt.data.jslt.QueryErrorTest" name="check[25]" time="0"/>
  <testcase classname="com.schibsted.spt.data.jslt.QueryErrorTest" name="check[26]" time="0"/>
  <testcase classname="com.schibsted.spt.data.jslt.QueryErrorTest" name="check[27]" time="0.001"/>
  <testcase classname="com.schibsted.spt.data.jslt.QueryErrorTest" name="check[28]" time="0"/>
  <testcase classname="com.schibsted.spt.data.jslt.QueryErrorTest" name="check[29]" time="0"/>
  <testcase classname="com.schibsted.spt.data.jslt.QueryErrorTest" name="check[30]" time="0.001"/>
  <testcase classname="com.schibsted.spt.data.jslt.QueryErrorTest" name="check[31]" time="0"/>
  <testcase classname="com.schibsted.spt.data.jslt.QueryErrorTest" name="check[32]" time="0.001"/>
  <testcase classname="com.schibsted.spt.data.jslt.QueryErrorTest" name="check[33]" time="0"/>
  <testcase classname="com.schibsted.spt.data.jslt.QueryErrorTest" name="check[34]" time="0"/>
  <testcase classname="com.schibsted.spt.data.jslt.QueryErrorTest" name="check[35]" time="0.001"/>
  <testcase classname="com.schibsted.spt.data.jslt.QueryErrorTest" name="check[36]" time="0"/>
  <testcase classname="com.schibsted.spt.data.jslt.QueryErrorTest" name="check[37]" time="0"/>
  <testcase classname="com.schibsted.spt.data.jslt.QueryErrorTest" name="check[38]" time="0.001"/>
  <testcase classname="com.schibsted.spt.data.jslt.QueryErrorTest" name="check[39]" time="0"/>
  <testcase classname="com.schibsted.spt.data.jslt.QueryErrorTest" name="check[40]" time="0.001"/>
  <testcase classname="com.schibsted.spt.data.jslt.QueryErrorTest" name="check[41]" time="0"/>
  <testcase classname="com.schibsted.spt.data.jslt.QueryErrorTest" name="check[42]" time="0"/>
  <testcase classname="com.schibsted.spt.data.jslt.QueryErrorTest" name="check[43]" time="0.001"/>
  <testcase classname="com.schibsted.spt.data.jslt.QueryErrorTest" name="check[44]" time="0"/>
  <testcase classname="com.schibsted.spt.data.jslt.QueryErrorTest" name="check[45]" time="0"/>
  <testcase classname="com.schibsted.spt.data.jslt.QueryErrorTest" name="check[46]" time="0.001"/>
  <testcase classname="com.schibsted.spt.data.jslt.QueryErrorTest" name="check[47]" time="0"/>
  <testcase classname="com.schibsted.spt.data.jslt.QueryErrorTest" name="check[48]" time="0"/>
  <testcase classname="com.schibsted.spt.data.jslt.QueryErrorTest" name="check[49]" time="0"/>
  <testcase classname="com.schibsted.spt.data.jslt.QueryErrorTest" name="check[50]" time="0"/>
  <testcase classname="com.schibsted.spt.data.jslt.QueryErrorTest" name="check[51]" time="0.001"/>
  <testcase classname="com.schibsted.spt.data.jslt.QueryErrorTest" name="check[52]" time="0"/>
</testsuite>